<-= 1 =->
city = Tokyo
city = Duluth
city = London
city = Dallas
city = Newark
city = New York
<-= 2 =->
pid = p07
pid = p06
pid = p05
pid = p04
pid = p03
pid = p02
pid = p01
<-= 3 =->
name = Weyland-Yutani
<-= 4 =->
<-= 5 =->
name = Tiptop
name = Otasi
<-= 6 =->
name = ACME
name = Otasi
city = Duluth
name = Tiptop
name = Otasi
city = Duluth
name = Allied
name = Smith
city = Dallas
name = Basics
name = Smith
city = Dallas
<-= 7 =->
name = Tiptop
city = Duluth
name = ACME
city = Duluth
<-= end =->
